This file contains any messages produced by compilers while
running configure, to aid debugging if configure makes a mistake.

It was created by configure, which was
generated by GNU Autoconf 2.69.  Invocation command line was

  $ ./configure 

## --------- ##
## Platform. ##
## --------- ##

hostname = DESKTOP-EM49F94
uname -m = x86_64
uname -r = 5.10.16.3-microsoft-standard-WSL2
uname -s = Linux
uname -v = #1 SMP Fri Apr 2 22:23:49 UTC 2021

/usr/bin/uname -p = x86_64
/bin/uname -X     = unknown

/bin/arch              = x86_64
/usr/bin/arch -k       = unknown
/usr/convex/getsysinfo = unknown
/usr/bin/hostinfo      = unknown
/bin/machine           = unknown
/usr/bin/oslevel       = unknown
/bin/universe          = unknown

PATH: /home/julien/.vscode-server/bin/c3511e6c69bb39013c4a4b7b9566ec1ca73fc4d5/bin/remote-cli
PATH: /home/julien/.cargo/bin
PATH: /usr/local/sbin
PATH: /usr/local/bin
PATH: /usr/sbin
PATH: /usr/bin
PATH: /sbin
PATH: /bin
PATH: /usr/games
PATH: /usr/local/games
PATH: /usr/lib/wsl/lib
PATH: /snap/bin
PATH: .
PATH: /mnt/c/WINDOWS
PATH: /mnt/c/Users/Julien/AppData/Local/Programs/Microsoft VS Code/bin


## ----------- ##
## Core tests. ##
## ----------- ##

configure:2231: checking for grep that handles long lines and -e
configure:2289: result: /usr/bin/grep
configure:2294: checking for egrep
configure:2356: result: /usr/bin/grep -E
configure:2361: checking for a sed that does not truncate output
configure:2425: result: /usr/bin/sed
configure:2564: checking for pkg-config
configure:2582: found /usr/bin/pkg-config
configure:2594: result: /usr/bin/pkg-config
configure:2619: checking pkg-config is at least version 0.9.0
configure:2622: result: yes
configure:2684: checking for cc
configure:2700: found /usr/bin/cc
configure:2711: result: cc
configure:2742: checking for C compiler version
configure:2751: cc --version >&5
cc (Ubuntu 9.3.0-17ubuntu1~20.04) 9.3.0
Copyright (C) 2019 Free Software Foundation, Inc.
This is free software; see the source for copying conditions.  There is NO
warranty; not even for MERCHANTABILITY or FITNESS FOR A PARTICULAR PURPOSE.

configure:2762: $? = 0
configure:2751: cc -v >&5
Using built-in specs.
COLLECT_GCC=cc
COLLECT_LTO_WRAPPER=/usr/lib/gcc/x86_64-linux-gnu/9/lto-wrapper
OFFLOAD_TARGET_NAMES=nvptx-none:hsa
OFFLOAD_TARGET_DEFAULT=1
Target: x86_64-linux-gnu
Configured with: ../src/configure -v --with-pkgversion='Ubuntu 9.3.0-17ubuntu1~20.04' --with-bugurl=file:///usr/share/doc/gcc-9/README.Bugs --enable-languages=c,ada,c++,go,brig,d,fortran,objc,obj-c++,gm2 --prefix=/usr --with-gcc-major-version-only --program-suffix=-9 --program-prefix=x86_64-linux-gnu- --enable-shared --enable-linker-build-id --libexecdir=/usr/lib --without-included-gettext --enable-threads=posix --libdir=/usr/lib --enable-nls --enable-clocale=gnu --enable-libstdcxx-debug --enable-libstdcxx-time=yes --with-default-libstdcxx-abi=new --enable-gnu-unique-object --disable-vtable-verify --enable-plugin --enable-default-pie --with-system-zlib --with-target-system-zlib=auto --enable-objc-gc=auto --enable-multiarch --disable-werror --with-arch-32=i686 --with-abi=m64 --with-multilib-list=m32,m64,mx32 --enable-multilib --with-tune=generic --enable-offload-targets=nvptx-none=/build/gcc-9-HskZEa/gcc-9-9.3.0/debian/tmp-nvptx/usr,hsa --without-cuda-driver --enable-checking=release --build=x86_64-linux-gnu --host=x86_64-linux-gnu --target=x86_64-linux-gnu
Thread model: posix
gcc version 9.3.0 (Ubuntu 9.3.0-17ubuntu1~20.04) 
configure:2762: $? = 0
configure:2751: cc -V >&5
cc: error: unrecognized command line option '-V'
cc: fatal error: no input files
compilation terminated.
configure:2762: $? = 1
configure:2751: cc -qversion >&5
cc: error: unrecognized command line option '-qversion'; did you mean '--version'?
cc: fatal error: no input files
compilation terminated.
configure:2762: $? = 1
configure:2782: checking whether the C compiler works
configure:2804: cc    conftest.c  >&5
configure:2808: $? = 0
configure:2856: result: yes
configure:2859: checking for C compiler default output file name
configure:2861: result: a.out
configure:2867: checking for suffix of executables
configure:2874: cc -o conftest    conftest.c  >&5
configure:2878: $? = 0
configure:2900: result: 
configure:2922: checking whether we are cross compiling
configure:2930: cc -o conftest    conftest.c  >&5
configure:2934: $? = 0
configure:2941: ./conftest
configure:2945: $? = 0
configure:2933: result: no
configure:2938: checking for suffix of object files
configure:2960: cc -c   conftest.c >&5
configure:2964: $? = 0
configure:2985: result: o
configure:2989: checking whether we are using the GNU C compiler
configure:3008: cc -c   conftest.c >&5
configure:3008: $? = 0
configure:3017: result: yes
configure:3026: checking whether cc accepts -g
configure:3046: cc -c -g  conftest.c >&5
configure:3046: $? = 0
configure:3087: result: yes
configure:3104: checking for cc option to accept ISO C89
configure:3167: cc  -c -g -O2  conftest.c >&5
configure:3167: $? = 0
configure:3180: result: none needed
configure:3206: checking how to run the C preprocessor
configure:3237: cc -E  conftest.c
configure:3237: $? = 0
configure:3251: cc -E  conftest.c
conftest.c:9:10: fatal error: ac_nonexistent.h: No such file or directory
    9 | #include <ac_nonexistent.h>
      |          ^~~~~~~~~~~~~~~~~~
compilation terminated.
configure:3251: $? = 1
configure: failed program was:
| /* confdefs.h */
| #define PACKAGE_NAME ""
| #define PACKAGE_TARNAME ""
| #define PACKAGE_VERSION ""
| #define PACKAGE_STRING ""
| #define PACKAGE_BUGREPORT ""
| #define PACKAGE_URL ""
| /* end confdefs.h.  */
| #include <ac_nonexistent.h>
configure:3276: result: cc -E
configure:3296: cc -E  conftest.c
configure:3296: $? = 0
configure:3310: cc -E  conftest.c
conftest.c:9:10: fatal error: ac_nonexistent.h: No such file or directory
    9 | #include <ac_nonexistent.h>
      |          ^~~~~~~~~~~~~~~~~~
compilation terminated.
configure:3310: $? = 1
configure: failed program was:
| /* confdefs.h */
| #define PACKAGE_NAME ""
| #define PACKAGE_TARNAME ""
| #define PACKAGE_VERSION ""
| #define PACKAGE_STRING ""
| #define PACKAGE_BUGREPORT ""
| #define PACKAGE_URL ""
| /* end confdefs.h.  */
| #include <ac_nonexistent.h>
configure:3341: checking for icc
configure:3350: result: no
configure:3364: checking for suncc
configure:3373: result: no
configure:3391: checking for system library directory
configure:3406: result: lib
configure:3413: checking if compiler supports -Wl,-rpath,
configure:3432: cc -o conftest -g -O2   conftest.c -Wl,-rpath,/usr/lib  >&5
configure:3432: $? = 0
configure:3442: result: yes
configure:3492: checking build system type
configure:3506: result: x86_64-pc-linux-gnu
configure:3526: checking host system type
configure:3539: result: x86_64-pc-linux-gnu
configure:3559: checking target system type
configure:3572: result: x86_64-pc-linux-gnu
configure:3675: checking for PHP prefix
configure:3677: result: /usr
configure:3679: checking for PHP includes
configure:3681: result: -I/usr/include/php/20210902 -I/usr/include/php/20210902/main -I/usr/include/php/20210902/TSRM -I/usr/include/php/20210902/Zend -I/usr/include/php/20210902/ext -I/usr/include/php/20210902/ext/date/lib
configure:3683: checking for PHP extension directory
configure:3685: result: /usr/lib/php/20210902
configure:3687: checking for PHP installed headers prefix
configure:3689: result: /usr/include/php/20210902
configure:3692: checking if debug is enabled
configure:3718: result: no
configure:3721: checking if zts is enabled
configure:3747: result: no
configure:3815: checking for gawk
configure:3832: found /usr/bin/gawk
configure:3843: result: gawk
configure:3887: checking whether to enable Xdebug support
configure:3926: result: yes, shared
configure:3935: checking whether to enable Xdebug developer build flags
configure:3949: result: no
configure:3958: checking whether to compress profiler files (requires zlib)
configure:3973: result: yes
configure:4003: checking Check for supported PHP versions
configure:4013: result: supported (8.1.6)
configure:4028: checking for clock_gettime
configure:4042: cc -o conftest -g -O2 -I/usr/include/php/20210902 -I/usr/include/php/20210902/main -I/usr/include/php/20210902/TSRM -I/usr/include/php/20210902/Zend -I/usr/include/php/20210902/ext -I/usr/include/php/20210902/ext/date/lib   conftest.c  >&5
configure:4042: $? = 0
configure:4045: result: yes
configure:4098: checking for clock_gettime_nsec_np
configure:4098: cc -o conftest -g -O2 -I/usr/include/php/20210902 -I/usr/include/php/20210902/main -I/usr/include/php/20210902/TSRM -I/usr/include/php/20210902/Zend -I/usr/include/php/20210902/ext -I/usr/include/php/20210902/ext/date/lib   conftest.c  >&5
/usr/bin/ld: /tmp/ccj7NF8g.o: in function `main':
/home/julien/pimcore/xdebug-3.1.5/conftest.c:45: undefined reference to `clock_gettime_nsec_np'
collect2: error: ld returned 1 exit status
configure:4098: $? = 1
configure: failed program was:
| /* confdefs.h */
| #define PACKAGE_NAME ""
| #define PACKAGE_TARNAME ""
| #define PACKAGE_VERSION ""
| #define PACKAGE_STRING ""
| #define PACKAGE_BUGREPORT ""
| #define PACKAGE_URL ""
| #define HAVE_XDEBUG 1
| #define HAVE_XDEBUG_CLOCK_GETTIME 1
| /* end confdefs.h.  */
| /* Define clock_gettime_nsec_np to an innocuous variant, in case <limits.h> declares clock_gettime_nsec_np.
|    For example, HP-UX 11i <limits.h> declares gettimeofday.  */
| #define clock_gettime_nsec_np innocuous_clock_gettime_nsec_np
| 
| /* System header to define __stub macros and hopefully few prototypes,
|     which can conflict with char clock_gettime_nsec_np (); below.
|     Prefer <limits.h> to <assert.h> if __STDC__ is defined, since
|     <limits.h> exists even on freestanding compilers.  */
| 
| #ifdef __STDC__
| # include <limits.h>
| #else
| # include <assert.h>
| #endif
| 
| #undef clock_gettime_nsec_np
| 
| /* Override any GCC internal prototype to avoid an error.
|    Use char because int might match the return type of a GCC
|    builtin and then its argument prototype would still apply.  */
| #ifdef __cplusplus
| extern "C"
| #endif
| char clock_gettime_nsec_np ();
| /* The GNU C library defines this for functions which it implements
|     to always fail with ENOSYS.  Some functions are actually named
|     something starting with __ and the normal name is an alias.  */
| #if defined __stub_clock_gettime_nsec_np || defined __stub___clock_gettime_nsec_np
| choke me
| #endif
| 
| int
| main ()
| {
| return clock_gettime_nsec_np ();
|   ;
|   return 0;
| }
configure:4098: result: no
configure:4112: checking for gettimeofday
configure:4112: cc -o conftest -g -O2 -I/usr/include/php/20210902 -I/usr/include/php/20210902/main -I/usr/include/php/20210902/TSRM -I/usr/include/php/20210902/Zend -I/usr/include/php/20210902/ext -I/usr/include/php/20210902/ext/date/lib   conftest.c  >&5
configure:4112: $? = 0
configure:4112: result: yes
configure:4123: checking for ANSI C header files
configure:4143: cc -c -g -O2 -I/usr/include/php/20210902 -I/usr/include/php/20210902/main -I/usr/include/php/20210902/TSRM -I/usr/include/php/20210902/Zend -I/usr/include/php/20210902/ext -I/usr/include/php/20210902/ext/date/lib  conftest.c >&5
configure:4143: $? = 0
configure:4216: cc -o conftest -g -O2 -I/usr/include/php/20210902 -I/usr/include/php/20210902/main -I/usr/include/php/20210902/TSRM -I/usr/include/php/20210902/Zend -I/usr/include/php/20210902/ext -I/usr/include/php/20210902/ext/date/lib   conftest.c  >&5
configure:4216: $? = 0
configure:4216: ./conftest
configure:4216: $? = 0
configure:4227: result: yes
configure:4240: checking for sys/types.h
configure:4240: cc -c -g -O2 -I/usr/include/php/20210902 -I/usr/include/php/20210902/main -I/usr/include/php/20210902/TSRM -I/usr/include/php/20210902/Zend -I/usr/include/php/20210902/ext -I/usr/include/php/20210902/ext/date/lib  conftest.c >&5
configure:4240: $? = 0
configure:4240: result: yes
configure:4240: checking for sys/stat.h
configure:4240: cc -c -g -O2 -I/usr/include/php/20210902 -I/usr/include/php/20210902/main -I/usr/include/php/20210902/TSRM -I/usr/include/php/20210902/Zend -I/usr/include/php/20210902/ext -I/usr/include/php/20210902/ext/date/lib  conftest.c >&5
configure:4240: $? = 0
configure:4240: result: yes
configure:4240: checking for stdlib.h
configure:4240: cc -c -g -O2 -I/usr/include/php/20210902 -I/usr/include/php/20210902/main -I/usr/include/php/20210902/TSRM -I/usr/include/php/20210902/Zend -I/usr/include/php/20210902/ext -I/usr/include/php/20210902/ext/date/lib  conftest.c >&5
configure:4240: $? = 0
configure:4240: result: yes
configure:4240: checking for string.h
configure:4240: cc -c -g -O2 -I/usr/include/php/20210902 -I/usr/include/php/20210902/main -I/usr/include/php/20210902/TSRM -I/usr/include/php/20210902/Zend -I/usr/include/php/20210902/ext -I/usr/include/php/20210902/ext/date/lib  conftest.c >&5
configure:4240: $? = 0
configure:4240: result: yes
configure:4240: checking for memory.h
configure:4240: cc -c -g -O2 -I/usr/include/php/20210902 -I/usr/include/php/20210902/main -I/usr/include/php/20210902/TSRM -I/usr/include/php/20210902/Zend -I/usr/include/php/20210902/ext -I/usr/include/php/20210902/ext/date/lib  conftest.c >&5
configure:4240: $? = 0
configure:4240: result: yes
configure:4240: checking for strings.h
configure:4240: cc -c -g -O2 -I/usr/include/php/20210902 -I/usr/include/php/20210902/main -I/usr/include/php/20210902/TSRM -I/usr/include/php/20210902/Zend -I/usr/include/php/20210902/ext -I/usr/include/php/20210902/ext/date/lib  conftest.c >&5
configure:4240: $? = 0
configure:4240: result: yes
configure:4240: checking for inttypes.h
configure:4240: cc -c -g -O2 -I/usr/include/php/20210902 -I/usr/include/php/20210902/main -I/usr/include/php/20210902/TSRM -I/usr/include/php/20210902/Zend -I/usr/include/php/20210902/ext -I/usr/include/php/20210902/ext/date/lib  conftest.c >&5
configure:4240: $? = 0
configure:4240: result: yes
configure:4240: checking for stdint.h
configure:4240: cc -c -g -O2 -I/usr/include/php/20210902 -I/usr/include/php/20210902/main -I/usr/include/php/20210902/TSRM -I/usr/include/php/20210902/Zend -I/usr/include/php/20210902/ext -I/usr/include/php/20210902/ext/date/lib  conftest.c >&5
configure:4240: $? = 0
configure:4240: result: yes
configure:4240: checking for unistd.h
configure:4240: cc -c -g -O2 -I/usr/include/php/20210902 -I/usr/include/php/20210902/main -I/usr/include/php/20210902/TSRM -I/usr/include/php/20210902/Zend -I/usr/include/php/20210902/ext -I/usr/include/php/20210902/ext/date/lib  conftest.c >&5
configure:4240: $? = 0
configure:4240: result: yes
configure:4255: checking netinet/in.h usability
configure:4255: cc -c -g -O2 -I/usr/include/php/20210902 -I/usr/include/php/20210902/main -I/usr/include/php/20210902/TSRM -I/usr/include/php/20210902/Zend -I/usr/include/php/20210902/ext -I/usr/include/php/20210902/ext/date/lib  conftest.c >&5
configure:4255: $? = 0
configure:4255: result: yes
configure:4255: checking netinet/in.h presence
configure:4255: cc -E -I/usr/include/php/20210902 -I/usr/include/php/20210902/main -I/usr/include/php/20210902/TSRM -I/usr/include/php/20210902/Zend -I/usr/include/php/20210902/ext -I/usr/include/php/20210902/ext/date/lib  conftest.c
configure:4255: $? = 0
configure:4255: result: yes
configure:4255: checking for netinet/in.h
configure:4255: result: yes
configure:4255: checking poll.h usability
configure:4255: cc -c -g -O2 -I/usr/include/php/20210902 -I/usr/include/php/20210902/main -I/usr/include/php/20210902/TSRM -I/usr/include/php/20210902/Zend -I/usr/include/php/20210902/ext -I/usr/include/php/20210902/ext/date/lib  conftest.c >&5
configure:4255: $? = 0
configure:4255: result: yes
configure:4255: checking poll.h presence
configure:4255: cc -E -I/usr/include/php/20210902 -I/usr/include/php/20210902/main -I/usr/include/php/20210902/TSRM -I/usr/include/php/20210902/Zend -I/usr/include/php/20210902/ext -I/usr/include/php/20210902/ext/date/lib  conftest.c
configure:4255: $? = 0
configure:4255: result: yes
configure:4255: checking for poll.h
configure:4255: result: yes
configure:4255: checking sys/poll.h usability
configure:4255: cc -c -g -O2 -I/usr/include/php/20210902 -I/usr/include/php/20210902/main -I/usr/include/php/20210902/TSRM -I/usr/include/php/20210902/Zend -I/usr/include/php/20210902/ext -I/usr/include/php/20210902/ext/date/lib  conftest.c >&5
configure:4255: $? = 0
configure:4255: result: yes
configure:4255: checking sys/poll.h presence
configure:4255: cc -E -I/usr/include/php/20210902 -I/usr/include/php/20210902/main -I/usr/include/php/20210902/TSRM -I/usr/include/php/20210902/Zend -I/usr/include/php/20210902/ext -I/usr/include/php/20210902/ext/date/lib  conftest.c
configure:4255: $? = 0
configure:4255: result: yes
configure:4255: checking for sys/poll.h
configure:4255: result: yes
configure:4371: checking for cos in -lm
configure:4396: cc -o conftest -g -O2 -I/usr/include/php/20210902 -I/usr/include/php/20210902/main -I/usr/include/php/20210902/TSRM -I/usr/include/php/20210902/Zend -I/usr/include/php/20210902/ext -I/usr/include/php/20210902/ext/date/lib   conftest.c -lm   >&5
conftest.c:33:6: warning: conflicting types for built-in function 'cos'; expected 'double(double)' [-Wbuiltin-declaration-mismatch]
   33 | char cos ();
      |      ^~~
conftest.c:1:1: note: 'cos' is declared in header '<math.h>'
    1 | /* confdefs.h */
configure:4396: $? = 0
configure:4405: result: yes
configure:4448: checking for zlib >= 1.2.9
configure:4455: $PKG_CONFIG --exists --print-errors "zlib >= 1.2.9"
configure:4458: $? = 0
configure:4472: $PKG_CONFIG --exists --print-errors "zlib >= 1.2.9"
configure:4475: $? = 0
configure:4513: result: yes
configure:6405: checking how to print strings
configure:6432: result: printf
configure:6453: checking for a sed that does not truncate output
configure:6517: result: /usr/bin/sed
configure:6535: checking for fgrep
configure:6597: result: /usr/bin/grep -F
configure:6632: checking for ld used by cc
configure:6699: result: /usr/bin/ld
configure:6706: checking if the linker (/usr/bin/ld) is GNU ld
configure:6721: result: yes
configure:6733: checking for BSD- or MS-compatible name lister (nm)
configure:6787: result: /usr/bin/nm -B
configure:6917: checking the name lister (/usr/bin/nm -B) interface
configure:6924: cc -c -g -O2  conftest.c >&5
configure:6927: /usr/bin/nm -B "conftest.o"
configure:6930: output
0000000000000000 B some_variable
configure:6931: result: BSD nm
configure:6934: checking whether ln -s works
configure:6938: result: yes
configure:6946: checking the maximum length of command line arguments
configure:7077: result: 1572864
configure:7125: checking how to convert x86_64-pc-linux-gnu file names to x86_64-pc-linux-gnu format
configure:7165: result: func_convert_file_noop
configure:7172: checking how to convert x86_64-pc-linux-gnu file names to toolchain format
configure:7192: result: func_convert_file_noop
configure:7199: checking for /usr/bin/ld option to reload object files
configure:7206: result: -r
configure:7280: checking for objdump
configure:7296: found /usr/bin/objdump
configure:7307: result: objdump
configure:7339: checking how to recognize dependent libraries
configure:7539: result: pass_all
configure:7624: checking for dlltool
configure:7654: result: no
configure:7684: checking how to associate runtime and link libraries
configure:7711: result: printf %s\n
configure:7771: checking for ar
configure:7787: found /usr/bin/ar
configure:7798: result: ar
configure:7835: checking for archiver @FILE support
configure:7852: cc -c -g -O2  conftest.c >&5
configure:7852: $? = 0
configure:7855: ar cr libconftest.a @conftest.lst >&5
configure:7858: $? = 0
configure:7863: ar cr libconftest.a @conftest.lst >&5
ar: conftest.o: No such file or directory
configure:7866: $? = 1
configure:7865: result: @
configure:7923: checking for strip
configure:7939: found /usr/bin/strip
configure:7950: result: strip
configure:8022: checking for ranlib
configure:8038: found /usr/bin/ranlib
configure:8049: result: ranlib
configure:8126: checking for gawk
configure:8153: result: gawk
configure:8193: checking command to parse /usr/bin/nm -B output from cc object
configure:8346: cc -c -g -O2  conftest.c >&5
configure:8349: $? = 0
configure:8353: /usr/bin/nm -B conftest.o | sed -n -e 's/^.*[	 ]\([ABCDGIRSTW][ABCDGIRSTW]*\)[	 ][	 ]*\([_A-Za-z][_A-Za-z0-9]*\)$/\1 \2 \2/p' | sed '/ __gnu_lto/d' > conftest.nm
configure:8419: cc -o conftest -g -O2   conftest.c conftstm.o >&5
configure:8422: $? = 0
configure:8460: result: ok
configure:8507: checking for sysroot
configure:8537: result: no
configure:8544: checking for a working dd
configure:8582: result: /usr/bin/dd
configure:8586: checking how to truncate binary pipes
configure:8601: result: /usr/bin/dd bs=4096 count=1
configure:8737: cc -c -g -O2  conftest.c >&5
configure:8740: $? = 0
configure:8930: checking for mt
configure:8946: found /usr/bin/mt
configure:8957: result: mt
configure:8980: checking if mt is a manifest tool
configure:8986: mt '-?'
configure:8994: result: no
configure:9668: checking for dlfcn.h
configure:9668: cc -c -g -O2  conftest.c >&5
configure:9668: $? = 0
configure:9668: result: yes
configure:9924: checking for objdir
configure:9939: result: .libs
configure:10203: checking if cc supports -fno-rtti -fno-exceptions
configure:10221: cc -c -g -O2  -fno-rtti -fno-exceptions conftest.c >&5
cc1: warning: command line option '-fno-rtti' is valid for C++/D/ObjC++ but not for C
configure:10225: $? = 0
configure:10238: result: no
configure:10602: checking for cc option to produce PIC
configure:10609: result: -fPIC -DPIC
configure:10617: checking if cc PIC flag -fPIC -DPIC works
configure:10635: cc -c -g -O2  -fPIC -DPIC -DPIC conftest.c >&5
configure:10639: $? = 0
configure:10652: result: yes
configure:10681: checking if cc static flag -static works
configure:10709: result: yes
configure:10724: checking if cc supports -c -o file.o
configure:10745: cc -c -g -O2  -o out/conftest2.o conftest.c >&5
configure:10749: $? = 0
configure:10771: result: yes
configure:10779: checking if cc supports -c -o file.o
configure:10826: result: yes
configure:10859: checking whether the cc linker (/usr/bin/ld -m elf_x86_64) supports shared libraries
configure:12122: result: yes
configure:12159: checking whether -lc should be explicitly linked in
configure:12167: cc -c -g -O2  conftest.c >&5
configure:12170: $? = 0
configure:12185: cc -shared  -fPIC -DPIC conftest.o  -v -Wl,-soname -Wl,conftest -o conftest 2\>\&1 \| /usr/bin/grep  -lc  \>/dev/null 2\>\&1
configure:12188: $? = 0
configure:12202: result: no
configure:12362: checking dynamic linker characteristics
configure:12943: cc -o conftest -g -O2   -Wl,-rpath -Wl,/foo conftest.c  >&5
configure:12943: $? = 0
configure:13192: result: GNU/Linux ld.so
configure:13314: checking how to hardcode library paths into programs
configure:13339: result: immediate
configure:13887: checking whether stripping libraries is possible
configure:13892: result: yes
configure:13927: checking if libtool supports shared libraries
configure:13929: result: yes
configure:13932: checking whether to build shared libraries
configure:13957: result: yes
configure:13960: checking whether to build static libraries
configure:13964: result: no
configure:11060: patching config.h.in
configure:11071: creating ./config.status

## ---------------------- ##
## Running config.status. ##
## ---------------------- ##

This file was extended by config.status, which was
generated by GNU Autoconf 2.69.  Invocation command line was

  CONFIG_FILES    = 
  CONFIG_HEADERS  = 
  CONFIG_LINKS    = 
  CONFIG_COMMANDS = 
  $ ./config.status 

on DESKTOP-EM49F94

config.status:892: creating config.h
config.status:996: executing libtool commands

## ---------------- ##
## Cache variables. ##
## ---------------- ##

ac_cv_build=x86_64-pc-linux-gnu
ac_cv_c_compiler_gnu=yes
ac_cv_env_CC_set=
ac_cv_env_CC_value=
ac_cv_env_CFLAGS_set=
ac_cv_env_CFLAGS_value=
ac_cv_env_CPPFLAGS_set=
ac_cv_env_CPPFLAGS_value=
ac_cv_env_CPP_set=
ac_cv_env_CPP_value=
ac_cv_env_LDFLAGS_set=
ac_cv_env_LDFLAGS_value=
ac_cv_env_LIBS_set=
ac_cv_env_LIBS_value=
ac_cv_env_LT_SYS_LIBRARY_PATH_set=
ac_cv_env_LT_SYS_LIBRARY_PATH_value=
ac_cv_env_PKG_CONFIG_LIBDIR_set=
ac_cv_env_PKG_CONFIG_LIBDIR_value=
ac_cv_env_PKG_CONFIG_PATH_set=
ac_cv_env_PKG_CONFIG_PATH_value=
ac_cv_env_PKG_CONFIG_set=
ac_cv_env_PKG_CONFIG_value=
ac_cv_env_ZLIB_CFLAGS_set=
ac_cv_env_ZLIB_CFLAGS_value=
ac_cv_env_ZLIB_LIBS_set=
ac_cv_env_ZLIB_LIBS_value=
ac_cv_env_build_alias_set=
ac_cv_env_build_alias_value=
ac_cv_env_host_alias_set=
ac_cv_env_host_alias_value=
ac_cv_env_target_alias_set=
ac_cv_env_target_alias_value=
ac_cv_func_clock_gettime_nsec_np=no
ac_cv_func_gettimeofday=yes
ac_cv_header_dlfcn_h=yes
ac_cv_header_inttypes_h=yes
ac_cv_header_memory_h=yes
ac_cv_header_netinet_in_h=yes
ac_cv_header_poll_h=yes
ac_cv_header_stdc=yes
ac_cv_header_stdint_h=yes
ac_cv_header_stdlib_h=yes
ac_cv_header_string_h=yes
ac_cv_header_strings_h=yes
ac_cv_header_sys_poll_h=yes
ac_cv_header_sys_stat_h=yes
ac_cv_header_sys_types_h=yes
ac_cv_header_unistd_h=yes
ac_cv_host=x86_64-pc-linux-gnu
ac_cv_lib_m_cos=yes
ac_cv_objext=o
ac_cv_path_EGREP='/usr/bin/grep -E'
ac_cv_path_FGREP='/usr/bin/grep -F'
ac_cv_path_GREP=/usr/bin/grep
ac_cv_path_SED=/usr/bin/sed
ac_cv_path_ac_pt_PKG_CONFIG=/usr/bin/pkg-config
ac_cv_path_lt_DD=/usr/bin/dd
ac_cv_prog_AWK=gawk
ac_cv_prog_CPP='cc -E'
ac_cv_prog_ac_ct_AR=ar
ac_cv_prog_ac_ct_CC=cc
ac_cv_prog_ac_ct_MANIFEST_TOOL=mt
ac_cv_prog_ac_ct_OBJDUMP=objdump
ac_cv_prog_ac_ct_RANLIB=ranlib
ac_cv_prog_ac_ct_STRIP=strip
ac_cv_prog_cc_c89=
ac_cv_prog_cc_g=yes
ac_cv_target=x86_64-pc-linux-gnu
lt_cv_ar_at_file=@
lt_cv_archive_cmds_need_lc=no
lt_cv_deplibs_check_method=pass_all
lt_cv_file_magic_cmd='$MAGIC_CMD'
lt_cv_file_magic_test_file=
lt_cv_ld_reload_flag=-r
lt_cv_nm_interface='BSD nm'
lt_cv_objdir=.libs
lt_cv_path_LD=/usr/bin/ld
lt_cv_path_NM='/usr/bin/nm -B'
lt_cv_path_mainfest_tool=no
lt_cv_prog_compiler_c_o=yes
lt_cv_prog_compiler_pic='-fPIC -DPIC'
lt_cv_prog_compiler_pic_works=yes
lt_cv_prog_compiler_rtti_exceptions=no
lt_cv_prog_compiler_static_works=yes
lt_cv_prog_gnu_ld=yes
lt_cv_sharedlib_from_linklib_cmd='printf %s\n'
lt_cv_shlibpath_overrides_runpath=yes
lt_cv_sys_global_symbol_pipe='sed -n -e '\''s/^.*[	 ]\([ABCDGIRSTW][ABCDGIRSTW]*\)[	 ][	 ]*\([_A-Za-z][_A-Za-z0-9]*\)$/\1 \2 \2/p'\'' | sed '\''/ __gnu_lto/d'\'''
lt_cv_sys_global_symbol_to_c_name_address='sed -n -e '\''s/^: \(.*\) .*$/  {"\1", (void *) 0},/p'\'' -e '\''s/^[ABCDGIRSTW][ABCDGIRSTW]* .* \(.*\)$/  {"\1", (void *) \&\1},/p'\'''
lt_cv_sys_global_symbol_to_c_name_address_lib_prefix='sed -n -e '\''s/^: \(.*\) .*$/  {"\1", (void *) 0},/p'\'' -e '\''s/^[ABCDGIRSTW][ABCDGIRSTW]* .* \(lib.*\)$/  {"\1", (void *) \&\1},/p'\'' -e '\''s/^[ABCDGIRSTW][ABCDGIRSTW]* .* \(.*\)$/  {"lib\1", (void *) \&\1},/p'\'''
lt_cv_sys_global_symbol_to_cdecl='sed -n -e '\''s/^T .* \(.*\)$/extern int \1();/p'\'' -e '\''s/^[ABCDGIRSTW][ABCDGIRSTW]* .* \(.*\)$/extern char \1;/p'\'''
lt_cv_sys_global_symbol_to_import=
lt_cv_sys_max_cmd_len=1572864
lt_cv_to_host_file_cmd=func_convert_file_noop
lt_cv_to_tool_file_cmd=func_convert_file_noop
lt_cv_truncate_bin='/usr/bin/dd bs=4096 count=1'
php_cv_cc_rpath=yes
pkg_cv_ZLIB_CFLAGS=
pkg_cv_ZLIB_LIBS=-lz

## ----------------- ##
## Output variables. ##
## ----------------- ##

AR='ar'
AWK='gawk'
BUILD_CC='cc'
CC='cc'
CFLAGS='-g -O2'
CONFIGURE_COMMAND=' '\''./configure'\'' '
CONFIGURE_OPTIONS=''
CPP='cc -E'
CPPFLAGS=' -DHAVE_CONFIG_H'
DEFS='-DHAVE_CONFIG_H'
DLLTOOL='false'
DSYMUTIL=''
DUMPBIN=''
ECHO_C=''
ECHO_N='-n'
ECHO_T=''
EGREP='/usr/bin/grep -E'
EXEEXT=''
FGREP='/usr/bin/grep -F'
GREP='/usr/bin/grep'
LD='/usr/bin/ld -m elf_x86_64'
LDFLAGS=''
LIBOBJS=''
LIBS=''
LIBTOOL='$(SHELL) $(top_builddir)/libtool'
LIPO=''
LN_S='ln -s'
LTLIBOBJS=''
LT_SYS_LIBRARY_PATH=''
MANIFEST_TOOL=':'
NM='/usr/bin/nm -B'
NMEDIT=''
OBJDUMP='objdump'
OBJEXT='o'
OTOOL64=''
OTOOL=''
PACKAGE_BUGREPORT=''
PACKAGE_NAME=''
PACKAGE_STRING=''
PACKAGE_TARNAME=''
PACKAGE_URL=''
PACKAGE_VERSION=''
PATH_SEPARATOR=':'
PKG_CONFIG='/usr/bin/pkg-config'
PKG_CONFIG_LIBDIR=''
PKG_CONFIG_PATH=''
RANLIB='ranlib'
SED='/usr/bin/sed'
SHELL='/bin/sh'
SHLIB_DL_SUFFIX_NAME='so'
SHLIB_SUFFIX_NAME='so'
STRIP='strip'
ZLIB_CFLAGS=''
ZLIB_LIBS='-lz'
ac_ct_AR='ar'
ac_ct_CC='cc'
ac_ct_DUMPBIN=''
bindir='${exec_prefix}/bin'
build='x86_64-pc-linux-gnu'
build_alias=''
build_cpu='x86_64'
build_os='linux-gnu'
build_vendor='pc'
datadir='${datarootdir}'
datarootdir='${prefix}/share'
docdir='${datarootdir}/doc/${PACKAGE}'
dvidir='${docdir}'
exec_prefix='$(prefix)'
host='x86_64-pc-linux-gnu'
host_alias='x86_64-pc-linux-gnu'
host_cpu='x86_64'
host_os='linux-gnu'
host_vendor='pc'
htmldir='${docdir}'
includedir='${prefix}/include'
infodir='${datarootdir}/info'
libdir='${exec_prefix}/lib'
libexecdir='${exec_prefix}/libexec'
localedir='${datarootdir}/locale'
localstatedir='${prefix}/var'
mandir='${datarootdir}/man'
oldincludedir='/usr/include'
pdfdir='${docdir}'
prefix='/usr'
program_transform_name='s,x,x,'
psdir='${docdir}'
runstatedir='${localstatedir}/run'
sbindir='${exec_prefix}/sbin'
sharedstatedir='${prefix}/com'
sysconfdir='${prefix}/etc'
target='x86_64-pc-linux-gnu'
target_alias=''
target_cpu='x86_64'
target_os='linux-gnu'
target_vendor='pc'

## ----------- ##
## confdefs.h. ##
## ----------- ##

/* confdefs.h */
#define PACKAGE_NAME ""
#define PACKAGE_TARNAME ""
#define PACKAGE_VERSION ""
#define PACKAGE_STRING ""
#define PACKAGE_BUGREPORT ""
#define PACKAGE_URL ""
#define HAVE_XDEBUG 1
#define HAVE_XDEBUG_CLOCK_GETTIME 1
#define HAVE_XDEBUG_CLOCK_GETTIME_NSEC_NP 0
#define HAVE_GETTIMEOFDAY 1
#define STDC_HEADERS 1
#define HAVE_SYS_TYPES_H 1
#define HAVE_SYS_STAT_H 1
#define HAVE_STDLIB_H 1
#define HAVE_STRING_H 1
#define HAVE_MEMORY_H 1
#define HAVE_STRINGS_H 1
#define HAVE_INTTYPES_H 1
#define HAVE_STDINT_H 1
#define HAVE_UNISTD_H 1
#define HAVE_NETINET_IN_H 1
#define HAVE_POLL_H 1
#define HAVE_SYS_POLL_H 1
#define HAVE_XDEBUG_ZLIB 1
#define COMPILE_DL_XDEBUG 1
#define HAVE_DLFCN_H 1
#define LT_OBJDIR ".libs/"

configure: exit 0
